[ERR!] cwd  : C:\workspace_bankapp\bankapp
[ERR!] os   : Windows_NT 6.1.7601
[ERR!] argv : "C:\\Program Files\\nodejs\\node.exe" "C:\\workspace_bankapp\\bankapp\\node_modules\\tsd\\build\\cli.js" "install"
[ERR!] node : v5.6.0
[ERR!] tsd  : 0.6.5
[ERR!] Error: connect ETIMEDOUT 192.30.252.125:443
[ERR!] CODE : ETIMEDOUT
[ERR!] connect ETIMEDOUT 192.30.252.125:443
This is most likely not a problem with tsd itself
and is related to network connectivity.
In most cases you are behind a proxy or have bad network settings.

If you are behind a proxy, please make sure that the
'proxy' config is set properly.  See: https://github.com/DefinitelyTyped/tsd#tsdrc
[ERR!] 
Error: connect ETIMEDOUT 192.30.252.125:443
    at Object.exports._errnoException (util.js:856:11)
    at exports._exceptionWithHostPort (util.js:879:20)
    at TCPConnectWrap.afterConnect [as oncomplete] (net.js:1053:14)

[ERR!] tsd.json: {"version":"v4","repo":"borisyankov/DefinitelyTyped","ref":"master","path":"typings","bundle":"typings/tsd.d.ts","installed":{"node-uuid/node-uuid-base.d.ts":{"commit":"1da639a106527e0c4010b354a1efe52a3059a291"},"node-uuid/node-uuid-global.d.ts":{"commit":"4c41545030eba44b27ce7209112dbf862f6b1d78"},"node-uuid/node-uuid-cjs.d.ts":{"commit":"1da639a106527e0c4010b354a1efe52a3059a291"},"node-uuid/node-uuid.d.ts":{"commit":"1da639a106527e0c4010b354a1efe52a3059a291"},"node/node.d.ts":{"commit":"1da639a106527e0c4010b354a1efe52a3059a291"}}}

[ERR!] .tsdrc could not be retrieved

[ERR!] Please include the following file with any support request:
    C:\workspace_bankapp\bankapp\tsd-debug.log

